<?xml version="1.0" encoding="UTF-8"?>
<!-- Generated by org.testng.reporters.JUnitXMLReporter -->
<testsuite hostname="UdaySurya-PC" ignored="14" name="basic suite" tests="11" failures="1" timestamp="02 Dec 2018 06:39:31 GMT" time="90.932" errors="0">
  <testcase name="login2" time="2.564" classname="in.srssprojects.keximbank.TestExecution"/>
  <testcase name="branchSearch" time="3.124" classname="in.srssprojects.keximbank.TestExecution"/>
  <testcase name="branchCreation" time="3.899" classname="in.srssprojects.keximbank.TestExecution"/>
  <testcase name="branchCreationWithDuplicateData" time="3.473" classname="in.srssprojects.keximbank.TestExecution"/>
  <testcase name="branchCreationWithBlankData" time="1.121" classname="in.srssprojects.keximbank.TestExecution"/>
  <testcase name="branchCreationReset" time="3.07" classname="in.srssprojects.keximbank.TestExecution"/>
  <testcase name="branchCreationCancel" time="2.107" classname="in.srssprojects.keximbank.TestExecution"/>
  <testcase name="roleCreationReset" time="2.663" classname="in.srssprojects.keximbank.TestExecution"/>
  <testcase name="empCreationReset" time="12.619" classname="in.srssprojects.keximbank.TestExecution"/>
  <testcase name="updateBranch" time="33.559" classname="in.srssprojects.keximbank.TestExecution"/>
  <testcase name="deleteBranch" time="9.368" classname="in.srssprojects.keximbank.TestExecution">
    <failure type="java.lang.RuntimeException" message="id does not exis in the data base">
      <![CDATA[java.lang.RuntimeException: id does not exis in the data base
at in.srssprojects.keximbank.TableHelper.handleTable(TableHelper.java:80)
at in.srssprojects.keximbank.BranchDetailsPage.clickDeleteInTable(BranchDetailsPage.java:89)
at in.srssprojects.keximbank.TestExecution.deleteBranch(TestExecution.java:231)
... Removed 25 stack frames]]>
    </failure>
  </testcase> <!-- deleteBranch -->
  <testcase name="roleDetails" time="0.0" classname="in.srssprojects.keximbank.TestExecution">
    <ignored/>
  </testcase> <!-- roleDetails -->
  <testcase name="deleteEmployee" time="0.0" classname="in.srssprojects.keximbank.TestExecution">
    <ignored/>
  </testcase> <!-- deleteEmployee -->
  <testcase name="updateEmployee" time="0.0" classname="in.srssprojects.keximbank.TestExecution">
    <ignored/>
  </testcase> <!-- updateEmployee -->
  <testcase name="login1WithInvalidData" time="0.0" classname="in.srssprojects.keximbank.TestExecution">
    <ignored/>
  </testcase> <!-- login1WithInvalidData -->
  <testcase name="roleCreation" time="0.0" classname="in.srssprojects.keximbank.TestExecution">
    <ignored/>
  </testcase> <!-- roleCreation -->
  <testcase name="empCreationWithBlankData" time="0.0" classname="in.srssprojects.keximbank.TestExecution">
    <ignored/>
  </testcase> <!-- empCreationWithBlankData -->
  <testcase name="empCreationCancel" time="0.0" classname="in.srssprojects.keximbank.TestExecution">
    <ignored/>
  </testcase> <!-- empCreationCancel -->
  <testcase name="roleCreationCancel" time="0.0" classname="in.srssprojects.keximbank.TestExecution">
    <ignored/>
  </testcase> <!-- roleCreationCancel -->
  <testcase name="empCreation" time="0.0" classname="in.srssprojects.keximbank.TestExecution">
    <ignored/>
  </testcase> <!-- empCreation -->
  <testcase name="roleCreationWithBlankData" time="0.0" classname="in.srssprojects.keximbank.TestExecution">
    <ignored/>
  </testcase> <!-- roleCreationWithBlankData -->
  <testcase name="empCreationWithDuplicateData" time="0.0" classname="in.srssprojects.keximbank.TestExecution">
    <ignored/>
  </testcase> <!-- empCreationWithDuplicateData -->
  <testcase name="deleteRole" time="0.0" classname="in.srssprojects.keximbank.TestExecution">
    <ignored/>
  </testcase> <!-- deleteRole -->
  <testcase name="updateRole" time="0.0" classname="in.srssprojects.keximbank.TestExecution">
    <ignored/>
  </testcase> <!-- updateRole -->
  <testcase name="roleCreationWithDuplicateData" time="0.0" classname="in.srssprojects.keximbank.TestExecution">
    <ignored/>
  </testcase> <!-- roleCreationWithDuplicateData -->
</testsuite> <!-- basic suite -->
