<?xml version="1.0" encoding="UTF-8"?>
<!-- Generated by org.testng.reporters.JUnitXMLReporter -->
<testsuite hostname="Vijju-PC" ignored="22" name="basic suite" tests="5" failures="0" timestamp="30 Nov 2018 18:13:54 GMT" time="39.568" errors="0">
  <testcase name="launch" time="9.651" classname="in.srssprojects.keximbank.TestExecution"/>
  <testcase name="login2" time="4.954" classname="in.srssprojects.keximbank.TestExecution"/>
  <testcase name="updateEmployee" time="13.908" classname="in.srssprojects.keximbank.TestExecution"/>
  <testcase name="deleteEmployee" time="4.767" classname="in.srssprojects.keximbank.TestExecution"/>
  <testcase name="tearDown" time="6.21" classname="in.srssprojects.keximbank.TestExecution"/>
  <testcase name="roleCreationReset" time="0.0" classname="in.srssprojects.keximbank.TestExecution">
    <ignored/>
  </testcase> <!-- roleCreationReset -->
  <testcase name="roleDetails" time="0.0" classname="in.srssprojects.keximbank.TestExecution">
    <ignored/>
  </testcase> <!-- roleDetails -->
  <testcase name="branchSearch" time="0.0" classname="in.srssprojects.keximbank.TestExecution">
    <ignored/>
  </testcase> <!-- branchSearch -->
  <testcase name="login1WithInvalidData" time="0.0" classname="in.srssprojects.keximbank.TestExecution">
    <ignored/>
  </testcase> <!-- login1WithInvalidData -->
  <testcase name="roleCreation" time="0.0" classname="in.srssprojects.keximbank.TestExecution">
    <ignored/>
  </testcase> <!-- roleCreation -->
  <testcase name="branchCreationCancel" time="0.0" classname="in.srssprojects.keximbank.TestExecution">
    <ignored/>
  </testcase> <!-- branchCreationCancel -->
  <testcase name="empCreationWithBlankData" time="0.0" classname="in.srssprojects.keximbank.TestExecution">
    <ignored/>
  </testcase> <!-- empCreationWithBlankData -->
  <testcase name="branchCreationReset" time="0.0" classname="in.srssprojects.keximbank.TestExecution">
    <ignored/>
  </testcase> <!-- branchCreationReset -->
  <testcase name="deleteBranch" time="0.0" classname="in.srssprojects.keximbank.TestExecution">
    <ignored/>
  </testcase> <!-- deleteBranch -->
  <testcase name="empCreationCancel" time="0.0" classname="in.srssprojects.keximbank.TestExecution">
    <ignored/>
  </testcase> <!-- empCreationCancel -->
  <testcase name="roleCreationCancel" time="0.0" classname="in.srssprojects.keximbank.TestExecution">
    <ignored/>
  </testcase> <!-- roleCreationCancel -->
  <testcase name="empCreation" time="0.0" classname="in.srssprojects.keximbank.TestExecution">
    <ignored/>
  </testcase> <!-- empCreation -->
  <testcase name="roleCreationWithBlankData" time="0.0" classname="in.srssprojects.keximbank.TestExecution">
    <ignored/>
  </testcase> <!-- roleCreationWithBlankData -->
  <testcase name="empCreationWithDuplicateData" time="0.0" classname="in.srssprojects.keximbank.TestExecution">
    <ignored/>
  </testcase> <!-- empCreationWithDuplicateData -->
  <testcase name="deleteRole" time="0.0" classname="in.srssprojects.keximbank.TestExecution">
    <ignored/>
  </testcase> <!-- deleteRole -->
  <testcase name="branchCreationWithBlankData" time="0.0" classname="in.srssprojects.keximbank.TestExecution">
    <ignored/>
  </testcase> <!-- branchCreationWithBlankData -->
  <testcase name="updateRole" time="0.0" classname="in.srssprojects.keximbank.TestExecution">
    <ignored/>
  </testcase> <!-- updateRole -->
  <testcase name="updateBranch" time="0.0" classname="in.srssprojects.keximbank.TestExecution">
    <ignored/>
  </testcase> <!-- updateBranch -->
  <testcase name="empCreationReset" time="0.0" classname="in.srssprojects.keximbank.TestExecution">
    <ignored/>
  </testcase> <!-- empCreationReset -->
  <testcase name="branchCreationWithDuplicateData" time="0.0" classname="in.srssprojects.keximbank.TestExecution">
    <ignored/>
  </testcase> <!-- branchCreationWithDuplicateData -->
  <testcase name="roleCreationWithDuplicateData" time="0.0" classname="in.srssprojects.keximbank.TestExecution">
    <ignored/>
  </testcase> <!-- roleCreationWithDuplicateData -->
  <testcase name="branchCreation" time="0.0" classname="in.srssprojects.keximbank.TestExecution">
    <ignored/>
  </testcase> <!-- branchCreation -->
</testsuite> <!-- basic suite -->
