<?xml version="1.0" encoding="UTF-8"?>
<testng-results skipped="0" failed="0" ignored="22" total="27" passed="5">
  <reporter-output>
  </reporter-output>
  <suite name="basic suite" duration-ms="39568" started-at="2018-11-30T18:13:15Z" finished-at="2018-11-30T18:13:54Z">
    <groups>
    </groups>
    <test name="basic suite" duration-ms="39568" started-at="2018-11-30T18:13:15Z" finished-at="2018-11-30T18:13:54Z">
      <class name="in.srssprojects.keximbank.TestExecution">
        <test-method status="PASS" signature="launch()[pri:0, instance:in.srssprojects.keximbank.TestExecution@198378d]" name="launch" duration-ms="9651" started-at="2018-11-30T18:13:15Z" finished-at="2018-11-30T18:13:24Z">
          <reporter-output>
          </reporter-output>
        </test-method> <!-- launch -->
        <test-method status="PASS" signature="login2()[pri:1, instance:in.srssprojects.keximbank.TestExecution@198378d]" name="login2" duration-ms="4954" started-at="2018-11-30T18:13:24Z" finished-at="2018-11-30T18:13:29Z">
          <reporter-output>
          </reporter-output>
        </test-method> <!-- login2 -->
        <test-method status="PASS" signature="updateEmployee()[pri:20, instance:in.srssprojects.keximbank.TestExecution@198378d]" name="updateEmployee" duration-ms="13908" started-at="2018-11-30T18:13:29Z" finished-at="2018-11-30T18:13:43Z">
          <reporter-output>
          </reporter-output>
        </test-method> <!-- updateEmployee -->
        <test-method status="PASS" signature="deleteEmployee()[pri:21, instance:in.srssprojects.keximbank.TestExecution@198378d]" name="deleteEmployee" duration-ms="4767" started-at="2018-11-30T18:13:43Z" finished-at="2018-11-30T18:13:48Z">
          <reporter-output>
          </reporter-output>
        </test-method> <!-- deleteEmployee -->
        <test-method status="PASS" signature="tearDown()[pri:30, instance:in.srssprojects.keximbank.TestExecution@198378d]" name="tearDown" duration-ms="6210" started-at="2018-11-30T18:13:48Z" finished-at="2018-11-30T18:13:54Z">
          <reporter-output>
          </reporter-output>
        </test-method> <!-- tearDown -->
      </class> <!-- in.srssprojects.keximbank.TestExecution -->
    </test> <!-- basic suite -->
  </suite> <!-- basic suite -->
</testng-results>
