<?xml version="1.0" encoding="UTF-8"?>
<testng-results skipped="0" failed="0" ignored="0" total="1" passed="1">
  <reporter-output>
  </reporter-output>
  <suite name="Default suite" duration-ms="20600" started-at="2018-12-30T07:07:42Z" finished-at="2018-12-30T07:08:03Z">
    <groups>
    </groups>
    <test name="Default test" duration-ms="20600" started-at="2018-12-30T07:07:42Z" finished-at="2018-12-30T07:08:03Z">
      <class name="otherconcepts.CalendersDemo">
        <test-method status="PASS" signature="calenderHandling()[pri:0, instance:otherconcepts.CalendersDemo@5e5792a0]" name="calenderHandling" duration-ms="20535" started-at="2018-12-30T07:07:42Z" finished-at="2018-12-30T07:08:03Z">
          <reporter-output>
          </reporter-output>
        </test-method> <!-- calenderHandling -->
      </class> <!-- otherconcepts.CalendersDemo -->
    </test> <!-- Default test -->
  </suite> <!-- Default suite -->
</testng-results>
